<?xml version="1.0" encoding="UTF-8"?>
<!-- Generated by org.testng.reporters.JUnitReportReporter -->
<testsuite hostname="DESKTOP-M30R18E" failures="0" tests="2" name="tests.Day77_MultiSelect" time="11.763" errors="0" timestamp="2023-04-26T21:10:51 VET" skipped="0">
  <testcase classname="tests.Day77_MultiSelect" name="multiSelect" time="6.602"/>
  <system-out/>
  <testcase classname="tests.Day77_MultiSelect" name="demoqa" time="5.161"/>
  <system-out/>
</testsuite> <!-- tests.Day77_MultiSelect -->
