<?xml version="1.0" encoding="UTF-8"?>
<!-- Generated by org.testng.reporters.JUnitReportReporter -->
<testsuite hostname="DESKTOP-M30R18E" failures="0" tests="1" name="tests.Navigate_methods" time="21.407" errors="0" timestamp="2023-04-25T22:31:58 VET" skipped="0">
  <testcase classname="tests.Navigate_methods" name="f" time="21.407"/>
  <system-out/>
</testsuite> <!-- tests.Navigate_methods -->
