<?xml version="1.0" encoding="UTF-8"?>
<!-- Generated by org.testng.reporters.JUnitReportReporter -->
<testsuite hostname="DESKTOP-M30R18E" failures="0" tests="1" name="tests.Day77_BoostStrap_Dropdown" time="10.280" errors="0" timestamp="2023-04-30T09:42:31 VET" skipped="0">
  <testcase classname="tests.Day77_BoostStrap_Dropdown" name="f" time="10.280"/>
  <system-out/>
</testsuite> <!-- tests.Day77_BoostStrap_Dropdown -->
