<?xml version="1.0" encoding="UTF-8"?>
<!-- Generated by org.testng.reporters.JUnitReportReporter -->
<testsuite hostname="DESKTOP-M30R18E" failures="0" tests="2" name="tests.Day84_Homework_Testng_Maven" time="9.308" errors="0" timestamp="2023-04-29T09:59:44 VET" skipped="0">
  <testcase classname="tests.Day84_Homework_Testng_Maven" name="testCase2" time="4.608"/>
  <system-out/>
  <testcase classname="tests.Day84_Homework_Testng_Maven" name="testCase1" time="4.700"/>
  <system-out/>
</testsuite> <!-- tests.Day84_Homework_Testng_Maven -->
