<?xml version="1.0" encoding="UTF-8"?>
<!-- Generated by org.testng.reporters.JUnitReportReporter -->
<testsuite hostname="DESKTOP-M30R18E" failures="0" tests="2" name="tests.Day84_slider_ProgressBar" time="11.997" errors="0" timestamp="2023-04-29T11:21:02 VET" skipped="0">
  <testcase classname="tests.Day84_slider_ProgressBar" name="Slider" time="8.417"/>
  <system-out/>
  <testcase classname="tests.Day84_slider_ProgressBar" name="Slider2" time="3.580"/>
  <system-out/>
</testsuite> <!-- tests.Day84_slider_ProgressBar -->
