<?xml version="1.0" encoding="UTF-8"?>
<!-- Generated by org.testng.reporters.JUnitReportReporter -->
<testsuite hostname="DESKTOP-M30R18E" failures="0" tests="1" name="tests.Day81_iframes" time="17.048" errors="0" timestamp="2023-04-27T19:29:53 VET" skipped="0">
  <testcase classname="tests.Day81_iframes" name="f" time="17.048"/>
  <system-out/>
</testsuite> <!-- tests.Day81_iframes -->
