<?xml version="1.0" encoding="UTF-8"?>
<!-- Generated by org.testng.reporters.JUnitReportReporter -->
<testsuite hostname="DESKTOP-M30R18E" failures="0" tests="1" name="tests.Ticket_4455135CF" time="0.011" errors="0" timestamp="2023-04-25T10:52:36 VET" skipped="0">
  <testcase classname="tests.Ticket_4455135CF" name="f" time="0.011"/>
  <system-out/>
</testsuite> <!-- tests.Ticket_4455135CF -->
