<?xml version="1.0" encoding="UTF-8"?>
<!-- Generated by org.testng.reporters.JUnitReportReporter -->
<testsuite hostname="DESKTOP-M30R18E" failures="0" tests="1" name="tests.indeed" time="10.567" errors="0" timestamp="2023-04-25T22:24:08 VET" skipped="0">
  <testcase classname="tests.indeed" name="f" time="10.567"/>
  <system-out/>
</testsuite> <!-- tests.indeed -->
