<?xml version="1.0" encoding="UTF-8"?>
<!-- Generated by org.testng.reporters.JUnitReportReporter -->
<testsuite hostname="DESKTOP-M30R18E" failures="0" tests="1" name="tests.Day77_Amazon_Dropdown" time="10.745" errors="0" timestamp="2023-04-27T16:59:57 VET" skipped="0">
  <testcase classname="tests.Day77_Amazon_Dropdown" name="selectDepartments" time="10.745"/>
  <system-out/>
</testsuite> <!-- tests.Day77_Amazon_Dropdown -->
