<?xml version="1.0" encoding="UTF-8"?>
<!-- Generated by org.testng.reporters.JUnitReportReporter -->
<testsuite hostname="DESKTOP-M30R18E" failures="0" tests="2" name="tests.SauceDemoLoginTests" time="8.770" errors="0" timestamp="2023-04-25T21:40:20 VET" skipped="0">
  <testcase classname="tests.SauceDemoLoginTests" name="credentialTest" time="4.808"/>
  <system-out/>
  <testcase classname="tests.SauceDemoLoginTests" name="credentialTest" time="3.962"/>
  <system-out/>
</testsuite> <!-- tests.SauceDemoLoginTests -->
