<?xml version="1.0" encoding="UTF-8"?>
<!-- Generated by org.testng.reporters.JUnitReportReporter -->
<testsuite hostname="DESKTOP-M30R18E" failures="0" tests="1" name="tests.Dropdown_Select" time="13.510" errors="0" timestamp="2023-04-26T19:50:38 VET" skipped="0">
  <testcase classname="tests.Dropdown_Select" name="f" time="13.510"/>
  <system-out/>
</testsuite> <!-- tests.Dropdown_Select -->
