<?xml version="1.0" encoding="UTF-8"?>
<!-- Generated by org.testng.reporters.JUnitReportReporter -->
<testsuite hostname="DESKTOP-M30R18E" failures="0" tests="6" name="tests.Day87_AmazonSearchTest" time="38.180" errors="0" timestamp="2023-05-01T11:42:07 VET" skipped="0">
  <testcase classname="tests.Day87_AmazonSearchTest" name="AmazonSearchTest" time="8.863"/>
  <system-out/>
  <testcase classname="tests.Day87_AmazonSearchTest" name="AmazonSearchTest" time="6.942"/>
  <system-out/>
  <testcase classname="tests.Day87_AmazonSearchTest" name="AmazonSearchTest" time="5.644"/>
  <system-out/>
  <testcase classname="tests.Day87_AmazonSearchTest" name="AmazonSearchTest" time="5.470"/>
  <system-out/>
  <testcase classname="tests.Day87_AmazonSearchTest" name="AmazonSearchTest" time="5.590"/>
  <system-out/>
  <testcase classname="tests.Day87_AmazonSearchTest" name="AmazonSearchTest" time="5.671"/>
  <system-out/>
</testsuite> <!-- tests.Day87_AmazonSearchTest -->
